<?xml version="1.0" encoding="UTF-8"?>
<testng-results skipped="0" failed="0" ignored="0" total="2" passed="2">
  <reporter-output>
  </reporter-output>
  <suite name="Default suite" duration-ms="2779" started-at="2020-06-13T07:19:25Z" finished-at="2020-06-13T07:19:28Z">
    <groups>
    </groups>
    <test name="Default test" duration-ms="2779" started-at="2020-06-13T07:19:25Z" finished-at="2020-06-13T07:19:28Z">
      <class name="getRequest.myApis">
        <test-method status="PASS" signature="setUp()[pri:0, instance:getRequest.myApis@cc285f4]" name="setUp" is-config="true" duration-ms="14" started-at="2020-06-13T07:19:25Z" finished-at="2020-06-13T07:19:25Z">
          <reporter-output>
          </reporter-output>
        </test-method> <!-- setUp -->
        <test-method status="PASS" signature="getEmpDetails()[pri:0, instance:getRequest.myApis@cc285f4]" name="getEmpDetails" duration-ms="2580" started-at="2020-06-13T07:19:25Z" finished-at="2020-06-13T07:19:27Z">
          <reporter-output>
          </reporter-output>
        </test-method> <!-- getEmpDetails -->
        <test-method status="PASS" signature="cleanUp()[pri:0, instance:getRequest.myApis@cc285f4]" name="cleanUp" is-config="true" duration-ms="0" started-at="2020-06-13T07:19:27Z" finished-at="2020-06-13T07:19:27Z">
          <reporter-output>
          </reporter-output>
        </test-method> <!-- cleanUp -->
        <test-method status="PASS" signature="addEmployee()[pri:1, instance:getRequest.myApis@cc285f4]" name="addEmployee" duration-ms="95" started-at="2020-06-13T07:19:27Z" finished-at="2020-06-13T07:19:27Z">
          <reporter-output>
          </reporter-output>
        </test-method> <!-- addEmployee -->
        <test-method status="PASS" signature="cleanUp()[pri:0, instance:getRequest.myApis@cc285f4]" name="cleanUp" is-config="true" duration-ms="53" started-at="2020-06-13T07:19:27Z" finished-at="2020-06-13T07:19:28Z">
          <reporter-output>
          </reporter-output>
        </test-method> <!-- cleanUp -->
      </class> <!-- getRequest.myApis -->
    </test> <!-- Default test -->
  </suite> <!-- Default suite -->
</testng-results>
